{
  "stats": {
    "suites": 1,
    "tests": 1,
    "passes": 1,
    "pending": 0,
    "failures": 0,
    "start": "2025-03-09T21:34:36.951Z",
    "end": "2025-03-09T21:34:47.469Z",
    "duration": 10518,
    "testsRegistered": 1,
    "passPercent": 100,
    "pendingPercent": 0,
    "other": 0,
    "hasOther": false,
    "skipped": 0,
    "hasSkipped": false
  },
  "results": [
    {
      "uuid": "883c8611-6495-4bcf-98a1-f07aae2b7840",
      "title": "",
      "fullFile": "cypress\\e2e\\intercept.update.cy.js",
      "file": "cypress\\e2e\\intercept.update.cy.js",
      "beforeHooks": [],
      "afterHooks": [],
      "tests": [],
      "suites": [
        {
          "uuid": "7ceefe89-310e-4d38-a95b-ee86d53a2e26",
          "title": "Interceptar atualização da quantidade de produtos no carrinho",
          "fullFile": "",
          "file": "",
          "beforeHooks": [],
          "afterHooks": [],
          "tests": [
            {
              "title": "Deve atualizar a quantidade do produto no carrinho e validar a requisição",
              "fullTitle": "Interceptar atualização da quantidade de produtos no carrinho Deve atualizar a quantidade do produto no carrinho e validar a requisição",
              "timedOut": null,
              "duration": 10375,
              "state": "passed",
              "speed": "slow",
              "pass": true,
              "fail": false,
              "pending": false,
              "context": null,
              "code": "cy.atualizarQuantidadeDoCarrinho();",
              "err": {},
              "uuid": "93a12121-6d91-4cc8-8fa6-77c3c8d411ef",
              "parentUUID": "7ceefe89-310e-4d38-a95b-ee86d53a2e26",
              "isHook": false,
              "skipped": false
            }
          ],
          "suites": [],
          "passes": [
            "93a12121-6d91-4cc8-8fa6-77c3c8d411ef"
          ],
          "failures": [],
          "pending": [],
          "skipped": [],
          "duration": 10375,
          "root": false,
          "rootEmpty": false,
          "_timeout": 2000
        }
      ],
      "passes": [],
      "failures": [],
      "pending": [],
      "skipped": [],
      "duration": 0,
      "root": true,
      "rootEmpty": true,
      "_timeout": 2000
    }
  ],
  "meta": {
    "mocha": {
      "version": "7.0.1"
    },
    "mochawesome": {
      "options": {
        "quiet": false,
        "reportFilename": "mochawesome",
        "saveHtml": true,
        "saveJson": true,
        "consoleReporter": "spec",
        "useInlineDiffs": false,
        "code": true
      },
      "version": "7.1.3"
    },
    "marge": {
      "options": {
        "reportFileName": "[name]-result",
        "html": true
      },
      "version": "6.2.0"
    }
  }
}